<?xml version="1.0" encoding="UTF-8"?>
<testng-results ignored="0" total="1" passed="1" failed="0" skipped="0">
  <reporter-output>
  </reporter-output>
  <suite started-at="2026-08-16T19:46:03 IST" name="Automation Suite" finished-at="2026-08-16T19:48:22 IST" duration-ms="138901">
    <groups>
    </groups>
    <test started-at="2026-08-16T19:46:03 IST" name="Place Order Tests" finished-at="2026-08-16T19:48:22 IST" duration-ms="138901">
      <class name="com.abarna.tests.PlaceOrderTest">
        <test-method is-config="true" signature="copyEnvironment()[pri:0, instance:com.abarna.tests.PlaceOrderTest@1698d7c0]" started-at="2026-08-16T19:46:03 IST" name="copyEnvironment" finished-at="2026-08-16T19:46:03 IST" duration-ms="56" status="PASS">
          <reporter-output>
          </reporter-output>
        </test-method> <!-- copyEnvironment -->
        <test-method is-config="true" signature="setup()[pri:0, instance:com.abarna.tests.PlaceOrderTest@1698d7c0]" started-at="2026-08-16T19:46:04 IST" name="setup" finished-at="2026-08-16T19:46:25 IST" duration-ms="20534" status="PASS">
          <reporter-output>
          </reporter-output>
        </test-method> <!-- setup -->
        <test-method signature="verifyUserCanPlaceOrderSuccessfully()[pri:0, instance:com.abarna.tests.PlaceOrderTest@1698d7c0]" started-at="2026-08-16T19:46:25 IST" name="verifyUserCanPlaceOrderSuccessfully" finished-at="2026-08-16T19:48:22 IST" duration-ms="116805" status="PASS">
          <reporter-output>
          </reporter-output>
        </test-method> <!-- verifyUserCanPlaceOrderSuccessfully -->
        <test-method is-config="true" signature="tearDown(org.testng.ITestResult)[pri:0, instance:com.abarna.tests.PlaceOrderTest@1698d7c0]" started-at="2026-08-16T19:48:22 IST" name="tearDown" finished-at="2026-08-16T19:48:22 IST" duration-ms="304" status="PASS">
          <params>
            <param index="0">
              <value>
                <![CDATA[[TestResult name=verifyUserCanPlaceOrderSuccessfully status=SUCCESS method=PlaceOrderTest.verifyUserCanPlaceOrderSuccessfully()[pri:0, instance:com.abarna.tests.PlaceOrderTest@1698d7c0] output={null}]]]>
              </value>
            </param>
          </params>
          <reporter-output>
          </reporter-output>
        </test-method> <!-- tearDown -->
      </class> <!-- com.abarna.tests.PlaceOrderTest -->
    </test> <!-- Place Order Tests -->
  </suite> <!-- Automation Suite -->
</testng-results>
