<?xml version="1.0" encoding="UTF-8"?>
<testsuite xmlns:xsi="http://www.w3.org/2001/XMLSchema-instance" xsi:noNamespaceSchemaLocation="https://maven.apache.org/surefire/maven-surefire-plugin/xsd/surefire-test-report.xsd" version="3.0.2" name="TestSuite" time="141.922" tests="1" errors="0" skipped="0" failures="0">
  <properties>
[...]
</properties>
  <testcase name="verifyUserCanPlaceOrderSuccessfully" classname="com.abarna.tests.PlaceOrderTest" time="116.859">
    <system-out><![CDATA[2026-08-16 19:46:29 [main] INFO  com.abarna.pages.LoginPage - Starting login process
2026-08-16 19:46:29 [main] INFO  com.abarna.pages.LoginPage - Clicking Signup / Login option
2026-08-16 19:46:34 [main] INFO  com.abarna.pages.LoginPage - Entering email
2026-08-16 19:46:36 [main] INFO  com.abarna.pages.LoginPage - Entering password
2026-08-16 19:46:37 [main] INFO  com.abarna.pages.LoginPage - Clicking Login button
2026-08-16 19:47:47 [main] INFO  com.abarna.pages.LoginPage - Login process completed
2026-08-16 19:47:47 [main] INFO  com.abarna.pages.LoginPage - Verifying login success
2026-08-16 19:48:10 [main] INFO  com.abarna.pages.PaymentPage - Starting Payment
2026-08-16 19:48:10 [main] INFO  com.abarna.pages.PaymentPage - Entering Card Holder Name
2026-08-16 19:48:10 [main] INFO  com.abarna.pages.PaymentPage - Entering Card Number
2026-08-16 19:48:11 [main] INFO  com.abarna.pages.PaymentPage - Entering CVC
2026-08-16 19:48:11 [main] INFO  com.abarna.pages.PaymentPage - Entering Expiry Month
2026-08-16 19:48:12 [main] INFO  com.abarna.pages.PaymentPage - Entering Expiry Year
2026-08-16 19:48:13 [main] INFO  com.abarna.pages.PaymentPage - Clicking Pay And Confirm Order
2026-08-16 19:48:17 [main] INFO  com.abarna.pages.PaymentPage - Payment Completed Successfully
]]></system-out>
    <system-err><![CDATA[Aug 16, 2026 7:46:04 PM org.openqa.selenium.remote.tracing.opentelemetry.OpenTelemetryTracer createTracer
INFO: Using OpenTelemetry for tracing
]]></system-err>
  </testcase>
</testsuite>