<?xml version="1.0" encoding="UTF-8"?>
<!-- Generated by org.testng.reporters.JUnitXMLReporter -->
<testsuite ignored="0" hostname="LAPTOP-QK4QKG3V" failures="0" tests="3" name="Chrome Run 2" time="269.986" errors="0" timestamp="2026-09-16T18:17:15 IST">
  <testcase classname="com.abarna.tests.PlaceOrderTest" name="verifyUserCanPlaceOrderSuccessfully" time="50.28">
    <skipped/>
  </testcase> <!-- verifyUserCanPlaceOrderSuccessfully -->
  <testcase classname="com.abarna.tests.PlaceOrderTest" name="verifyUserCanPlaceOrderSuccessfully" time="31.908">
    <skipped/>
  </testcase> <!-- verifyUserCanPlaceOrderSuccessfully -->
  <testcase classname="com.abarna.tests.PlaceOrderTest" name="verifyUserCanPlaceOrderSuccessfully" time="133.674"/>
</testsuite> <!-- Chrome Run 2 -->
