<?xml version="1.0" encoding="UTF-8"?>
<!-- Generated by org.testng.reporters.JUnitXMLReporter -->
<testsuite ignored="0" hostname="LAPTOP-QK4QKG3V" failures="0" tests="2" name="Chrome Run 1" time="201.416" errors="0" timestamp="2026-09-16T18:16:08 IST">
  <testcase classname="com.abarna.tests.PlaceOrderTest" name="verifyUserCanPlaceOrderSuccessfully" time="33.743">
    <skipped/>
  </testcase> <!-- verifyUserCanPlaceOrderSuccessfully -->
  <testcase classname="com.abarna.tests.PlaceOrderTest" name="verifyUserCanPlaceOrderSuccessfully" time="124.461"/>
</testsuite> <!-- Chrome Run 1 -->
