<?xml version="1.0" encoding="UTF-8"?>
<!-- Generated by org.testng.reporters.JUnitXMLReporter -->
<testsuite ignored="0" hostname="LAPTOP-QK4QKG3V" failures="0" tests="2" name="Firefox Test" time="235.152" errors="0" timestamp="2026-09-16T23:52:38 IST">
  <testcase classname="com.abarna.tests.PlaceOrderTest" name="verifyUserCanPlaceOrderSuccessfully" time="87.329">
    <skipped/>
  </testcase> <!-- verifyUserCanPlaceOrderSuccessfully -->
  <testcase classname="com.abarna.tests.PlaceOrderTest" name="verifyUserCanPlaceOrderSuccessfully" time="109.735"/>
</testsuite> <!-- Firefox Test -->
