<?xml version="1.0" encoding="UTF-8"?>
<testng-results ignored="0" total="2" passed="2" failed="0" skipped="0">
  <reporter-output>
  </reporter-output>
  <suite started-at="2026-09-17T18:37:37 IST" name="Automation Suite" finished-at="2026-09-17T18:39:43 IST" duration-ms="126120">
    <groups>
    </groups>
    <test started-at="2026-09-17T18:37:37 IST" name="Firefox Test" finished-at="2026-09-17T18:39:32 IST" duration-ms="114845">
      <class name="com.abarna.tests.PlaceOrderTest">
        <test-method is-config="true" signature="copyEnvironment()[pri:0, instance:com.abarna.tests.PlaceOrderTest@d56aaa6]" started-at="2026-09-17T18:37:37 IST" name="copyEnvironment" finished-at="2026-09-17T18:37:37 IST" duration-ms="45" status="PASS">
          <reporter-output>
          </reporter-output>
        </test-method> <!-- copyEnvironment -->
        <test-method is-config="true" signature="setup(java.lang.String)[pri:0, instance:com.abarna.tests.PlaceOrderTest@d56aaa6]" started-at="2026-09-17T18:37:38 IST" name="setup" finished-at="2026-09-17T18:38:20 IST" duration-ms="41780" status="PASS">
          <params>
            <param index="0">
              <value>
                <![CDATA[firefox]]>
              </value>
            </param>
          </params>
          <reporter-output>
          </reporter-output>
        </test-method> <!-- setup -->
        <test-method signature="verifyUserCanPlaceOrderSuccessfully()[pri:0, instance:com.abarna.tests.PlaceOrderTest@d56aaa6]" started-at="2026-09-17T18:38:20 IST" name="verifyUserCanPlaceOrderSuccessfully" finished-at="2026-09-17T18:39:31 IST" duration-ms="70812" status="PASS">
          <reporter-output>
          </reporter-output>
        </test-method> <!-- verifyUserCanPlaceOrderSuccessfully -->
        <test-method is-config="true" signature="tearDown(org.testng.ITestResult)[pri:0, instance:com.abarna.tests.PlaceOrderTest@d56aaa6]" started-at="2026-09-17T18:39:31 IST" name="tearDown" finished-at="2026-09-17T18:39:32 IST" duration-ms="1295" status="PASS">
          <params>
            <param index="0">
              <value>
                <![CDATA[[TestResult name=verifyUserCanPlaceOrderSuccessfully status=SUCCESS method=PlaceOrderTest.verifyUserCanPlaceOrderSuccessfully()[pri:0, instance:com.abarna.tests.PlaceOrderTest@d56aaa6] output={null}]]]>
              </value>
            </param>
          </params>
          <reporter-output>
          </reporter-output>
        </test-method> <!-- tearDown -->
      </class> <!-- com.abarna.tests.PlaceOrderTest -->
    </test> <!-- Firefox Test -->
    <test started-at="2026-09-17T18:37:37 IST" name="Chrome Test" finished-at="2026-09-17T18:39:43 IST" duration-ms="126120">
      <class name="com.abarna.tests.PlaceOrderTest">
        <test-method is-config="true" signature="setup(java.lang.String)[pri:0, instance:com.abarna.tests.PlaceOrderTest@1a28aef1]" started-at="2026-09-17T18:37:38 IST" name="setup" finished-at="2026-09-17T18:38:21 IST" duration-ms="43300" status="PASS">
          <params>
            <param index="0">
              <value>
                <![CDATA[chrome]]>
              </value>
            </param>
          </params>
          <reporter-output>
          </reporter-output>
        </test-method> <!-- setup -->
        <test-method signature="verifyUserCanPlaceOrderSuccessfully()[pri:0, instance:com.abarna.tests.PlaceOrderTest@1a28aef1]" started-at="2026-09-17T18:38:21 IST" name="verifyUserCanPlaceOrderSuccessfully" finished-at="2026-09-17T18:39:43 IST" duration-ms="81717" status="PASS">
          <reporter-output>
          </reporter-output>
        </test-method> <!-- verifyUserCanPlaceOrderSuccessfully -->
        <test-method is-config="true" signature="tearDown(org.testng.ITestResult)[pri:0, instance:com.abarna.tests.PlaceOrderTest@1a28aef1]" started-at="2026-09-17T18:39:43 IST" name="tearDown" finished-at="2026-09-17T18:39:43 IST" duration-ms="338" status="PASS">
          <params>
            <param index="0">
              <value>
                <![CDATA[[TestResult name=verifyUserCanPlaceOrderSuccessfully status=SUCCESS method=PlaceOrderTest.verifyUserCanPlaceOrderSuccessfully()[pri:0, instance:com.abarna.tests.PlaceOrderTest@1a28aef1] output={null}]]]>
              </value>
            </param>
          </params>
          <reporter-output>
          </reporter-output>
        </test-method> <!-- tearDown -->
      </class> <!-- com.abarna.tests.PlaceOrderTest -->
    </test> <!-- Chrome Test -->
  </suite> <!-- Automation Suite -->
</testng-results>
