<?xml version="1.0" encoding="UTF-8"?>
<testng-results retried="1" ignored="0" total="3" passed="2" failed="0" skipped="0">
  <reporter-output>
  </reporter-output>
  <suite started-at="2026-09-16T23:48:43 IST" name="Automation Suite" finished-at="2026-09-16T23:52:38 IST" duration-ms="235152">
    <groups>
    </groups>
    <test started-at="2026-09-16T23:48:43 IST" name="Chrome Test" finished-at="2026-09-16T23:49:56 IST" duration-ms="73541">
      <class name="com.abarna.tests.PlaceOrderTest">
        <test-method is-config="true" signature="setup(java.lang.String)[pri:0, instance:com.abarna.tests.PlaceOrderTest@51d143a1]" started-at="2026-09-16T23:48:43 IST" name="setup" finished-at="2026-09-16T23:48:57 IST" duration-ms="13757" status="PASS">
          <params>
            <param index="0">
              <value>
                <![CDATA[chrome]]>
              </value>
            </param>
          </params>
          <reporter-output>
          </reporter-output>
        </test-method> <!-- setup -->
        <test-method signature="verifyUserCanPlaceOrderSuccessfully()[pri:0, instance:com.abarna.tests.PlaceOrderTest@51d143a1]" started-at="2026-09-16T23:48:58 IST" name="verifyUserCanPlaceOrderSuccessfully" finished-at="2026-09-16T23:49:55 IST" duration-ms="57888" status="PASS">
          <reporter-output>
          </reporter-output>
        </test-method> <!-- verifyUserCanPlaceOrderSuccessfully -->
        <test-method is-config="true" signature="tearDown(org.testng.ITestResult)[pri:0, instance:com.abarna.tests.PlaceOrderTest@51d143a1]" started-at="2026-09-16T23:49:56 IST" name="tearDown" finished-at="2026-09-16T23:49:56 IST" duration-ms="655" status="PASS">
          <params>
            <param index="0">
              <value>
                <![CDATA[[TestResult name=verifyUserCanPlaceOrderSuccessfully status=SUCCESS method=PlaceOrderTest.verifyUserCanPlaceOrderSuccessfully()[pri:0, instance:com.abarna.tests.PlaceOrderTest@51d143a1] output={null}]]]>
              </value>
            </param>
          </params>
          <reporter-output>
          </reporter-output>
        </test-method> <!-- tearDown -->
      </class> <!-- com.abarna.tests.PlaceOrderTest -->
    </test> <!-- Chrome Test -->
    <test started-at="2026-09-16T23:48:43 IST" name="Firefox Test" finished-at="2026-09-16T23:52:38 IST" duration-ms="235152">
      <class name="com.abarna.tests.PlaceOrderTest">
        <test-method is-config="true" signature="copyEnvironment()[pri:0, instance:com.abarna.tests.PlaceOrderTest@4eb30d44]" started-at="2026-09-16T23:48:43 IST" name="copyEnvironment" finished-at="2026-09-16T23:48:43 IST" duration-ms="53" status="PASS">
          <reporter-output>
          </reporter-output>
        </test-method> <!-- copyEnvironment -->
        <test-method is-config="true" signature="setup(java.lang.String)[pri:0, instance:com.abarna.tests.PlaceOrderTest@4eb30d44]" started-at="2026-09-16T23:48:43 IST" name="setup" finished-at="2026-09-16T23:49:05 IST" duration-ms="21926" status="PASS">
          <params>
            <param index="0">
              <value>
                <![CDATA[firefox]]>
              </value>
            </param>
          </params>
          <reporter-output>
          </reporter-output>
        </test-method> <!-- setup -->
        <test-method retried="true" signature="verifyUserCanPlaceOrderSuccessfully()[pri:0, instance:com.abarna.tests.PlaceOrderTest@4eb30d44]" started-at="2026-09-16T23:49:05 IST" name="verifyUserCanPlaceOrderSuccessfully" finished-at="2026-09-16T23:50:33 IST" duration-ms="87329" status="SKIP">
          <exception class="java.lang.AssertionError">
            <message>
              <![CDATA[expected [ALL PRODUCTS] but found [FEATURES ITEMS]]]>
            </message>
            <full-stacktrace>
              <![CDATA[java.lang.AssertionError: expected [ALL PRODUCTS] but found [FEATURES ITEMS]
at org.testng.Assert.fail(Assert.java:111)
at org.testng.Assert.failNotEquals(Assert.java:1590)
at org.testng.Assert.assertEqualsImpl(Assert.java:150)
at org.testng.Assert.assertEquals(Assert.java:132)
at org.testng.Assert.assertEquals(Assert.java:656)
at org.testng.Assert.assertEquals(Assert.java:666)
at com.abarna.tests.PlaceOrderTest.verifyUserCanPlaceOrderSuccessfully(PlaceOrderTest.java:50)
at java.base/jdk.internal.reflect.NativeMethodAccessorImpl.invoke0(Native Method)
at java.base/jdk.internal.reflect.NativeMethodAccessorImpl.invoke(NativeMethodAccessorImpl.java:77)
at java.base/jdk.internal.reflect.DelegatingMethodAccessorImpl.invoke(DelegatingMethodAccessorImpl.java:43)
at java.base/java.lang.reflect.Method.invoke(Method.java:568)
at org.testng.internal.invokers.MethodInvocationHelper.invokeMethod(MethodInvocationHelper.java:141)
at org.testng.internal.invokers.TestInvoker.invokeMethod(TestInvoker.java:687)
at org.testng.internal.invokers.TestInvoker.invokeTestMethod(TestInvoker.java:230)
at org.testng.internal.invokers.MethodRunner.runInSequence(MethodRunner.java:63)
at org.testng.internal.invokers.TestInvoker$MethodInvocationAgent.invoke(TestInvoker.java:995)
at org.testng.internal.invokers.TestInvoker.invokeTestMethods(TestInvoker.java:203)
at org.testng.internal.invokers.TestMethodWorker.invokeTestMethods(TestMethodWorker.java:154)
at org.testng.internal.invokers.TestMethodWorker.run(TestMethodWorker.java:134)
at java.base/java.util.ArrayList.forEach(ArrayList.java:1511)
at org.testng.TestRunner.privateRun(TestRunner.java:741)
at org.testng.TestRunner.run(TestRunner.java:616)
at org.testng.SuiteRunner.runTest(SuiteRunner.java:421)
at org.testng.SuiteRunner$SuiteWorker.run(SuiteRunner.java:463)
at org.testng.internal.thread.ThreadUtil.lambda$execute$0(ThreadUtil.java:64)
at java.base/java.util.concurrent.FutureTask.run(FutureTask.java:264)
at java.base/java.util.concurrent.ThreadPoolExecutor.runWorker(ThreadPoolExecutor.java:1136)
at java.base/java.util.concurrent.ThreadPoolExecutor$Worker.run(ThreadPoolExecutor.java:635)
at java.base/java.lang.Thread.run(Thread.java:842)
]]>
            </full-stacktrace>
          </exception> <!-- java.lang.AssertionError -->
          <reporter-output>
          </reporter-output>
        </test-method> <!-- verifyUserCanPlaceOrderSuccessfully -->
        <test-method is-config="true" signature="tearDown(org.testng.ITestResult)[pri:0, instance:com.abarna.tests.PlaceOrderTest@4eb30d44]" started-at="2026-09-16T23:50:33 IST" name="tearDown" finished-at="2026-09-16T23:50:35 IST" duration-ms="1891" status="PASS">
          <params>
            <param index="0">
              <value>
                <![CDATA[[TestResult name=verifyUserCanPlaceOrderSuccessfully status=SKIP method=PlaceOrderTest.verifyUserCanPlaceOrderSuccessfully()[pri:0, instance:com.abarna.tests.PlaceOrderTest@4eb30d44] output={null}]]]>
              </value>
            </param>
          </params>
          <reporter-output>
          </reporter-output>
        </test-method> <!-- tearDown -->
        <test-method is-config="true" signature="setup(java.lang.String)[pri:0, instance:com.abarna.tests.PlaceOrderTest@4eb30d44]" started-at="2026-09-16T23:50:35 IST" name="setup" finished-at="2026-09-16T23:50:46 IST" duration-ms="11509" status="PASS">
          <params>
            <param index="0">
              <value>
                <![CDATA[firefox]]>
              </value>
            </param>
          </params>
          <reporter-output>
          </reporter-output>
        </test-method> <!-- setup -->
        <test-method signature="verifyUserCanPlaceOrderSuccessfully()[pri:0, instance:com.abarna.tests.PlaceOrderTest@4eb30d44]" started-at="2026-09-16T23:50:46 IST" name="verifyUserCanPlaceOrderSuccessfully" finished-at="2026-09-16T23:52:36 IST" duration-ms="109735" status="PASS">
          <reporter-output>
          </reporter-output>
        </test-method> <!-- verifyUserCanPlaceOrderSuccessfully -->
        <test-method is-config="true" signature="tearDown(org.testng.ITestResult)[pri:0, instance:com.abarna.tests.PlaceOrderTest@4eb30d44]" started-at="2026-09-16T23:52:36 IST" name="tearDown" finished-at="2026-09-16T23:52:38 IST" duration-ms="1892" status="PASS">
          <params>
            <param index="0">
              <value>
                <![CDATA[[TestResult name=verifyUserCanPlaceOrderSuccessfully status=SUCCESS method=PlaceOrderTest.verifyUserCanPlaceOrderSuccessfully()[pri:0, instance:com.abarna.tests.PlaceOrderTest@4eb30d44] output={null}]]]>
              </value>
            </param>
          </params>
          <reporter-output>
          </reporter-output>
        </test-method> <!-- tearDown -->
      </class> <!-- com.abarna.tests.PlaceOrderTest -->
    </test> <!-- Firefox Test -->
  </suite> <!-- Automation Suite -->
</testng-results>
