<?xml version="1.0" encoding="UTF-8"?>
<!-- Generated by org.testng.reporters.JUnitReportReporter -->
<testsuite hostname="LAPTOP-QK4QKG3V" failures="0" tests="3" name="com.abarna.tests.PlaceOrderTest" time="306.582" errors="0" timestamp="2026-09-16T23:52:38 IST" skipped="1">
  <testcase classname="com.abarna.tests.PlaceOrderTest" name="verifyUserCanPlaceOrderSuccessfully" time="72.300"/>
  <testcase classname="com.abarna.tests.PlaceOrderTest" name="verifyUserCanPlaceOrderSuccessfully" time="133.553"/>
  <testcase classname="com.abarna.tests.PlaceOrderTest" name="verifyUserCanPlaceOrderSuccessfully" time="100.729">
    <skipped/>
  </testcase> <!-- verifyUserCanPlaceOrderSuccessfully -->
</testsuite> <!-- com.abarna.tests.PlaceOrderTest -->
