<?xml version="1.0" encoding="UTF-8"?>
<!-- Generated by org.testng.reporters.JUnitReportReporter -->
<testsuite hostname="LAPTOP-QK4QKG3V" failures="0" tests="2" name="com.abarna.tests.PlaceOrderTest" time="239.242" errors="0" timestamp="2026-09-17T18:39:43 IST" skipped="0">
  <testcase classname="com.abarna.tests.PlaceOrderTest" name="verifyUserCanPlaceOrderSuccessfully" time="125.355"/>
  <testcase classname="com.abarna.tests.PlaceOrderTest" name="verifyUserCanPlaceOrderSuccessfully" time="113.887"/>
</testsuite> <!-- com.abarna.tests.PlaceOrderTest -->
